<?xml version="1.0" encoding="UTF-8"?>
<!-- Generated by org.testng.reporters.JUnitReportReporter -->
<testsuite hostname="Robins-PC" name="testngPriorityPackage.Priority_Program" tests="4" failures="0" timestamp="5 Aug 2018 23:54:49 GMT" time="321.454" errors="0">
  <testcase name="LogoTest" time="114.065" classname="testngPriorityPackage.Priority_Program"/>
  <testcase name="TitleTest" time="51.289" classname="testngPriorityPackage.Priority_Program"/>
  <testcase name="Login" time="93.523" classname="testngPriorityPackage.Priority_Program"/>
  <testcase name="LinkTest" time="62.577" classname="testngPriorityPackage.Priority_Program"/>
</testsuite> <!-- testngPriorityPackage.Priority_Program -->
