<?xml version="1.0" encoding="UTF-8"?>
<!-- Generated by org.testng.reporters.JUnitReportReporter -->
<testsuite hostname="Robins-PC" name="testngpackage.Priority_Program" tests="4" failures="0" timestamp="5 Aug 2018 23:24:20 GMT" time="696.393" errors="0">
  <testcase name="LogoTest" time="52.361" classname="testngpackage.Priority_Program"/>
  <testcase name="TitleTest" time="98.274" classname="testngpackage.Priority_Program"/>
  <testcase name="LinkTest" time="171.791" classname="testngpackage.Priority_Program"/>
  <testcase name="Login" time="373.967" classname="testngpackage.Priority_Program"/>
</testsuite> <!-- testngpackage.Priority_Program -->
